13:44:28 **** Incremental Build of configuration Debug for project STM32G431KB_F1TENTH_FIRMWARE ****
make -j16 all 
arm-none-eabi-size  STM32G431KB_F1TENTH_FIRMWARE.elf 
   text	   data	    bss	    dec	    hex	filename
  19424	     72	   2208	  21704	   54c8	STM32G431KB_F1TENTH_FIRMWARE.elf
Finished building: default.size.stdout
 
13:44:53 **** Incremental Build of configuration Debug for project STM32G431KB_F1TENTH_FIRMWARE ****
make -j16 all 
arm-none-eabi-size  STM32G431KB_F1TENTH_FIRMWARE.elf 
   text	   data	    bss	    dec	    hex	filename
  19424	     72	   2208	  21704	   54c8	STM32G431KB_F1TENTH_FIRMWARE.elf
Finished building: default.size.stdout
 
13:46:10 **** Incremental Build of configuration Debug for project STM32G431KB_F1TENTH_FIRMWARE ****
make -j16 all 
arm-none-eabi-size  STM32G431KB_F1TENTH_FIRMWARE.elf 
   text	   data	    bss	    dec	    hex	filename
  19424	     72	   2208	  21704	   54c8	STM32G431KB_F1TENTH_FIRMWARE.elf
Finished building: default.size.stdout
 
13:51:06 **** Incremental Build of configuration Debug for project STM32G431KB_F1TENTH_FIRMWARE ****
make -j16 all 
arm-none-eabi-size  STM32G431KB_F1TENTH_FIRMWARE.elf 
   text	   data	    bss	    dec	    hex	filename
  19424	     72	   2208	  21704	   54c8	STM32G431KB_F1TENTH_FIRMWARE.elf
Finished building: default.size.stdout
 
13:53:12 **** Incremental Build of configuration Debug for project STM32G431KB_F1TENTH_FIRMWARE ****
make -j16 all 
arm-none-eabi-gcc "../Core/Src/dma.c" -mcpu=cortex-m4 -std=gnu11 -g3 -DDEBUG -DUSE_HAL_DRIVER -DSTM32G431xx -c -I../Core/Inc -I../Drivers/STM32G4xx_HAL_Driver/Inc -I../Drivers/STM32G4xx_HAL_Driver/Inc/Legacy -I../Drivers/CMSIS/Device/ST/STM32G4xx/Include -I../Drivers/CMSIS/Include -I"C:/Users/tucha/OneDrive/Projects/Mobile Robot/F1TENTH_PROJECT/STM32G431KB_F1TENTH_FIRMWARE/Library/inc" -I"C:/Users/tucha/OneDrive/Projects/Mobile Robot/F1TENTH_PROJECT/STM32G431KB_F1TENTH_FIRMWARE/Config/inc" -O0 -ffunction-sections -fdata-sections -Wall -fstack-usage -fcyclomatic-complexity -MMD -MP -MF"Core/Src/dma.d" -MT"Core/Src/dma.o" --specs=nano.specs -mfpu=fpv4-sp-d16 -mfloat-abi=hard -mthumb -o "Core/Src/dma.o"
arm-none-eabi-gcc "../Core/Src/gpio.c" -mcpu=cortex-m4 -std=gnu11 -g3 -DDEBUG -DUSE_HAL_DRIVER -DSTM32G431xx -c -I../Core/Inc -I../Drivers/STM32G4xx_HAL_Driver/Inc -I../Drivers/STM32G4xx_HAL_Driver/Inc/Legacy -I../Drivers/CMSIS/Device/ST/STM32G4xx/Include -I../Drivers/CMSIS/Include -I"C:/Users/tucha/OneDrive/Projects/Mobile Robot/F1TENTH_PROJECT/STM32G431KB_F1TENTH_FIRMWARE/Library/inc" -I"C:/Users/tucha/OneDrive/Projects/Mobile Robot/F1TENTH_PROJECT/STM32G431KB_F1TENTH_FIRMWARE/Config/inc" -O0 -ffunction-sections -fdata-sections -Wall -fstack-usage -fcyclomatic-complexity -MMD -MP -MF"Core/Src/gpio.d" -MT"Core/Src/gpio.o" --specs=nano.specs -mfpu=fpv4-sp-d16 -mfloat-abi=hard -mthumb -o "Core/Src/gpio.o"
arm-none-eabi-gcc "../Core/Src/i2c.c" -mcpu=cortex-m4 -std=gnu11 -g3 -DDEBUG -DUSE_HAL_DRIVER -DSTM32G431xx -c -I../Core/Inc -I../Drivers/STM32G4xx_HAL_Driver/Inc -I../Drivers/STM32G4xx_HAL_Driver/Inc/Legacy -I../Drivers/CMSIS/Device/ST/STM32G4xx/Include -I../Drivers/CMSIS/Include -I"C:/Users/tucha/OneDrive/Projects/Mobile Robot/F1TENTH_PROJECT/STM32G431KB_F1TENTH_FIRMWARE/Library/inc" -I"C:/Users/tucha/OneDrive/Projects/Mobile Robot/F1TENTH_PROJECT/STM32G431KB_F1TENTH_FIRMWARE/Config/inc" -O0 -ffunction-sections -fdata-sections -Wall -fstack-usage -fcyclomatic-complexity -MMD -MP -MF"Core/Src/i2c.d" -MT"Core/Src/i2c.o" --specs=nano.specs -mfpu=fpv4-sp-d16 -mfloat-abi=hard -mthumb -o "Core/Src/i2c.o"
arm-none-eabi-gcc "../Core/Src/main.c" -mcpu=cortex-m4 -std=gnu11 -g3 -DDEBUG -DUSE_HAL_DRIVER -DSTM32G431xx -c -I../Core/Inc -I../Drivers/STM32G4xx_HAL_Driver/Inc -I../Drivers/STM32G4xx_HAL_Driver/Inc/Legacy -I../Drivers/CMSIS/Device/ST/STM32G4xx/Include -I../Drivers/CMSIS/Include -I"C:/Users/tucha/OneDrive/Projects/Mobile Robot/F1TENTH_PROJECT/STM32G431KB_F1TENTH_FIRMWARE/Library/inc" -I"C:/Users/tucha/OneDrive/Projects/Mobile Robot/F1TENTH_PROJECT/STM32G431KB_F1TENTH_FIRMWARE/Config/inc" -O0 -ffunction-sections -fdata-sections -Wall -fstack-usage -fcyclomatic-complexity -MMD -MP -MF"Core/Src/main.d" -MT"Core/Src/main.o" --specs=nano.specs -mfpu=fpv4-sp-d16 -mfloat-abi=hard -mthumb -o "Core/Src/main.o"
arm-none-eabi-gcc "../Core/Src/stm32g4xx_hal_msp.c" -mcpu=cortex-m4 -std=gnu11 -g3 -DDEBUG -DUSE_HAL_DRIVER -DSTM32G431xx -c -I../Core/Inc -I../Drivers/STM32G4xx_HAL_Driver/Inc -I../Drivers/STM32G4xx_HAL_Driver/Inc/Legacy -I../Drivers/CMSIS/Device/ST/STM32G4xx/Include -I../Drivers/CMSIS/Include -I"C:/Users/tucha/OneDrive/Projects/Mobile Robot/F1TENTH_PROJECT/STM32G431KB_F1TENTH_FIRMWARE/Library/inc" -I"C:/Users/tucha/OneDrive/Projects/Mobile Robot/F1TENTH_PROJECT/STM32G431KB_F1TENTH_FIRMWARE/Config/inc" -O0 -ffunction-sections -fdata-sections -Wall -fstack-usage -fcyclomatic-complexity -MMD -MP -MF"Core/Src/stm32g4xx_hal_msp.d" -MT"Core/Src/stm32g4xx_hal_msp.o" --specs=nano.specs -mfpu=fpv4-sp-d16 -mfloat-abi=hard -mthumb -o "Core/Src/stm32g4xx_hal_msp.o"
arm-none-eabi-gcc "../Core/Src/stm32g4xx_it.c" -mcpu=cortex-m4 -std=gnu11 -g3 -DDEBUG -DUSE_HAL_DRIVER -DSTM32G431xx -c -I../Core/Inc -I../Drivers/STM32G4xx_HAL_Driver/Inc -I../Drivers/STM32G4xx_HAL_Driver/Inc/Legacy -I../Drivers/CMSIS/Device/ST/STM32G4xx/Include -I../Drivers/CMSIS/Include -I"C:/Users/tucha/OneDrive/Projects/Mobile Robot/F1TENTH_PROJECT/STM32G431KB_F1TENTH_FIRMWARE/Library/inc" -I"C:/Users/tucha/OneDrive/Projects/Mobile Robot/F1TENTH_PROJECT/STM32G431KB_F1TENTH_FIRMWARE/Config/inc" -O0 -ffunction-sections -fdata-sections -Wall -fstack-usage -fcyclomatic-complexity -MMD -MP -MF"Core/Src/stm32g4xx_it.d" -MT"Core/Src/stm32g4xx_it.o" --specs=nano.specs -mfpu=fpv4-sp-d16 -mfloat-abi=hard -mthumb -o "Core/Src/stm32g4xx_it.o"
arm-none-eabi-gcc "../Core/Src/syscalls.c" -mcpu=cortex-m4 -std=gnu11 -g3 -DDEBUG -DUSE_HAL_DRIVER -DSTM32G431xx -c -I../Core/Inc -I../Drivers/STM32G4xx_HAL_Driver/Inc -I../Drivers/STM32G4xx_HAL_Driver/Inc/Legacy -I../Drivers/CMSIS/Device/ST/STM32G4xx/Include -I../Drivers/CMSIS/Include -I"C:/Users/tucha/OneDrive/Projects/Mobile Robot/F1TENTH_PROJECT/STM32G431KB_F1TENTH_FIRMWARE/Library/inc" -I"C:/Users/tucha/OneDrive/Projects/Mobile Robot/F1TENTH_PROJECT/STM32G431KB_F1TENTH_FIRMWARE/Config/inc" -O0 -ffunction-sections -fdata-sections -Wall -fstack-usage -fcyclomatic-complexity -MMD -MP -MF"Core/Src/syscalls.d" -MT"Core/Src/syscalls.o" --specs=nano.specs -mfpu=fpv4-sp-d16 -mfloat-abi=hard -mthumb -o "Core/Src/syscalls.o"
arm-none-eabi-gcc "../Core/Src/sysmem.c" -mcpu=cortex-m4 -std=gnu11 -g3 -DDEBUG -DUSE_HAL_DRIVER -DSTM32G431xx -c -I../Core/Inc -I../Drivers/STM32G4xx_HAL_Driver/Inc -I../Drivers/STM32G4xx_HAL_Driver/Inc/Legacy -I../Drivers/CMSIS/Device/ST/STM32G4xx/Include -I../Drivers/CMSIS/Include -I"C:/Users/tucha/OneDrive/Projects/Mobile Robot/F1TENTH_PROJECT/STM32G431KB_F1TENTH_FIRMWARE/Library/inc" -I"C:/Users/tucha/OneDrive/Projects/Mobile Robot/F1TENTH_PROJECT/STM32G431KB_F1TENTH_FIRMWARE/Config/inc" -O0 -ffunction-sections -fdata-sections -Wall -fstack-usage -fcyclomatic-complexity -MMD -MP -MF"Core/Src/sysmem.d" -MT"Core/Src/sysmem.o" --specs=nano.specs -mfpu=fpv4-sp-d16 -mfloat-abi=hard -mthumb -o "Core/Src/sysmem.o"
arm-none-eabi-gcc "../Core/Src/system_stm32g4xx.c" -mcpu=cortex-m4 -std=gnu11 -g3 -DDEBUG -DUSE_HAL_DRIVER -DSTM32G431xx -c -I../Core/Inc -I../Drivers/STM32G4xx_HAL_Driver/Inc -I../Drivers/STM32G4xx_HAL_Driver/Inc/Legacy -I../Drivers/CMSIS/Device/ST/STM32G4xx/Include -I../Drivers/CMSIS/Include -I"C:/Users/tucha/OneDrive/Projects/Mobile Robot/F1TENTH_PROJECT/STM32G431KB_F1TENTH_FIRMWARE/Library/inc" -I"C:/Users/tucha/OneDrive/Projects/Mobile Robot/F1TENTH_PROJECT/STM32G431KB_F1TENTH_FIRMWARE/Config/inc" -O0 -ffunction-sections -fdata-sections -Wall -fstack-usage -fcyclomatic-complexity -MMD -MP -MF"Core/Src/system_stm32g4xx.d" -MT"Core/Src/system_stm32g4xx.o" --specs=nano.specs -mfpu=fpv4-sp-d16 -mfloat-abi=hard -mthumb -o "Core/Src/system_stm32g4xx.o"
arm-none-eabi-gcc "../Core/Src/tim.c" -mcpu=cortex-m4 -std=gnu11 -g3 -DDEBUG -DUSE_HAL_DRIVER -DSTM32G431xx -c -I../Core/Inc -I../Drivers/STM32G4xx_HAL_Driver/Inc -I../Drivers/STM32G4xx_HAL_Driver/Inc/Legacy -I../Drivers/CMSIS/Device/ST/STM32G4xx/Include -I../Drivers/CMSIS/Include -I"C:/Users/tucha/OneDrive/Projects/Mobile Robot/F1TENTH_PROJECT/STM32G431KB_F1TENTH_FIRMWARE/Library/inc" -I"C:/Users/tucha/OneDrive/Projects/Mobile Robot/F1TENTH_PROJECT/STM32G431KB_F1TENTH_FIRMWARE/Config/inc" -O0 -ffunction-sections -fdata-sections -Wall -fstack-usage -fcyclomatic-complexity -MMD -MP -MF"Core/Src/tim.d" -MT"Core/Src/tim.o" --specs=nano.specs -mfpu=fpv4-sp-d16 -mfloat-abi=hard -mthumb -o "Core/Src/tim.o"
arm-none-eabi-gcc "../Core/Src/usart.c" -mcpu=cortex-m4 -std=gnu11 -g3 -DDEBUG -DUSE_HAL_DRIVER -DSTM32G431xx -c -I../Core/Inc -I../Drivers/STM32G4xx_HAL_Driver/Inc -I../Drivers/STM32G4xx_HAL_Driver/Inc/Legacy -I../Drivers/CMSIS/Device/ST/STM32G4xx/Include -I../Drivers/CMSIS/Include -I"C:/Users/tucha/OneDrive/Projects/Mobile Robot/F1TENTH_PROJECT/STM32G431KB_F1TENTH_FIRMWARE/Library/inc" -I"C:/Users/tucha/OneDrive/Projects/Mobile Robot/F1TENTH_PROJECT/STM32G431KB_F1TENTH_FIRMWARE/Config/inc" -O0 -ffunction-sections -fdata-sections -Wall -fstack-usage -fcyclomatic-complexity -MMD -MP -MF"Core/Src/usart.d" -MT"Core/Src/usart.o" --specs=nano.specs -mfpu=fpv4-sp-d16 -mfloat-abi=hard -mthumb -o "Core/Src/usart.o"
arm-none-eabi-gcc -o "STM32G431KB_F1TENTH_FIRMWARE.elf" @"objects.list"   -mcpu=cortex-m4 -T"C:\Users\tucha\OneDrive\Projects\Mobile Robot\F1TENTH_PROJECT\STM32G431KB_F1TENTH_FIRMWARE\STM32G431KBTX_FLASH.ld" --specs=nosys.specs -Wl,-Map="STM32G431KB_F1TENTH_FIRMWARE.map" -Wl,--gc-sections -static --specs=nano.specs -mfpu=fpv4-sp-d16 -mfloat-abi=hard -mthumb -Wl,--start-group -lc -lm -Wl,--end-group
C:/ST/STM32CubeIDE_1.12.0/STM32CubeIDE/plugins/com.st.stm32cube.ide.mcu.externaltools.gnu-tools-for-stm32.12.3.rel1.win32_1.0.100.202403111256/tools/bin/../lib/gcc/arm-none-eabi/12.3.1/../../../../arm-none-eabi/bin/ld.exe: warning: STM32G431KB_F1TENTH_FIRMWARE.elf has a LOAD segment with RWX permissions
Finished building target: STM32G431KB_F1TENTH_FIRMWARE.elf
 
arm-none-eabi-size  STM32G431KB_F1TENTH_FIRMWARE.elf 
arm-none-eabi-objdump -h -S STM32G431KB_F1TENTH_FIRMWARE.elf  > "STM32G431KB_F1TENTH_FIRMWARE.list"
   text	   data	    bss	    dec	    hex	filename
  20812	     72	   2400	  23284	   5af4	STM32G431KB_F1TENTH_FIRMWARE.elf
Finished building: default.size.stdout
 
Finished building: STM32G431KB_F1TENTH_FIRMWARE.list
 
13:55:07 **** Incremental Build of configuration Debug for project STM32G431KB_F1TENTH_FIRMWARE ****
make -j16 all 
arm-none-eabi-gcc "../Library/src/AS5600.c" -mcpu=cortex-m4 -std=gnu11 -g3 -DDEBUG -DUSE_HAL_DRIVER -DSTM32G431xx -c -I../Core/Inc -I../Drivers/STM32G4xx_HAL_Driver/Inc -I../Drivers/STM32G4xx_HAL_Driver/Inc/Legacy -I../Drivers/CMSIS/Device/ST/STM32G4xx/Include -I../Drivers/CMSIS/Include -I"C:/Users/tucha/OneDrive/Projects/Mobile Robot/F1TENTH_PROJECT/STM32G431KB_F1TENTH_FIRMWARE/Library/inc" -I"C:/Users/tucha/OneDrive/Projects/Mobile Robot/F1TENTH_PROJECT/STM32G431KB_F1TENTH_FIRMWARE/Config/inc" -O0 -ffunction-sections -fdata-sections -Wall -fstack-usage -fcyclomatic-complexity -MMD -MP -MF"Library/src/AS5600.d" -MT"Library/src/AS5600.o" --specs=nano.specs -mfpu=fpv4-sp-d16 -mfloat-abi=hard -mthumb -o "Library/src/AS5600.o"
arm-none-eabi-gcc -o "STM32G431KB_F1TENTH_FIRMWARE.elf" @"objects.list"   -mcpu=cortex-m4 -T"C:\Users\tucha\OneDrive\Projects\Mobile Robot\F1TENTH_PROJECT\STM32G431KB_F1TENTH_FIRMWARE\STM32G431KBTX_FLASH.ld" --specs=nosys.specs -Wl,-Map="STM32G431KB_F1TENTH_FIRMWARE.map" -Wl,--gc-sections -static --specs=nano.specs -mfpu=fpv4-sp-d16 -mfloat-abi=hard -mthumb -Wl,--start-group -lc -lm -Wl,--end-group
C:/ST/STM32CubeIDE_1.12.0/STM32CubeIDE/plugins/com.st.stm32cube.ide.mcu.externaltools.gnu-tools-for-stm32.12.3.rel1.win32_1.0.100.202403111256/tools/bin/../lib/gcc/arm-none-eabi/12.3.1/../../../../arm-none-eabi/bin/ld.exe: warning: STM32G431KB_F1TENTH_FIRMWARE.elf has a LOAD segment with RWX permissions
Finished building target: STM32G431KB_F1TENTH_FIRMWARE.elf
 
arm-none-eabi-size  STM32G431KB_F1TENTH_FIRMWARE.elf 
arm-none-eabi-objdump -h -S STM32G431KB_F1TENTH_FIRMWARE.elf  > "STM32G431KB_F1TENTH_FIRMWARE.list"
   text	   data	    bss	    dec	    hex	filename
  20808	     72	   2400	  23280	   5af0	STM32G431KB_F1TENTH_FIRMWARE.elf
Finished building: default.size.stdout
 
Finished building: STM32G431KB_F1TENTH_FIRMWARE.list
 
14:03:09 **** Incremental Build of configuration Debug for project STM32G431KB_F1TENTH_FIRMWARE ****
make -j16 all 
arm-none-eabi-gcc "../Core/Src/main.c" -mcpu=cortex-m4 -std=gnu11 -g3 -DDEBUG -DUSE_HAL_DRIVER -DSTM32G431xx -c -I../Core/Inc -I../Drivers/STM32G4xx_HAL_Driver/Inc -I../Drivers/STM32G4xx_HAL_Driver/Inc/Legacy -I../Drivers/CMSIS/Device/ST/STM32G4xx/Include -I../Drivers/CMSIS/Include -I"C:/Users/tucha/OneDrive/Projects/Mobile Robot/F1TENTH_PROJECT/STM32G431KB_F1TENTH_FIRMWARE/Library/inc" -I"C:/Users/tucha/OneDrive/Projects/Mobile Robot/F1TENTH_PROJECT/STM32G431KB_F1TENTH_FIRMWARE/Config/inc" -O0 -ffunction-sections -fdata-sections -Wall -fstack-usage -fcyclomatic-complexity -MMD -MP -MF"Core/Src/main.d" -MT"Core/Src/main.o" --specs=nano.specs -mfpu=fpv4-sp-d16 -mfloat-abi=hard -mthumb -o "Core/Src/main.o"
arm-none-eabi-gcc -o "STM32G431KB_F1TENTH_FIRMWARE.elf" @"objects.list"   -mcpu=cortex-m4 -T"C:\Users\tucha\OneDrive\Projects\Mobile Robot\F1TENTH_PROJECT\STM32G431KB_F1TENTH_FIRMWARE\STM32G431KBTX_FLASH.ld" --specs=nosys.specs -Wl,-Map="STM32G431KB_F1TENTH_FIRMWARE.map" -Wl,--gc-sections -static --specs=nano.specs -mfpu=fpv4-sp-d16 -mfloat-abi=hard -mthumb -Wl,--start-group -lc -lm -Wl,--end-group
C:/ST/STM32CubeIDE_1.12.0/STM32CubeIDE/plugins/com.st.stm32cube.ide.mcu.externaltools.gnu-tools-for-stm32.12.3.rel1.win32_1.0.100.202403111256/tools/bin/../lib/gcc/arm-none-eabi/12.3.1/../../../../arm-none-eabi/bin/ld.exe: warning: STM32G431KB_F1TENTH_FIRMWARE.elf has a LOAD segment with RWX permissions
Finished building target: STM32G431KB_F1TENTH_FIRMWARE.elf
 
arm-none-eabi-size  STM32G431KB_F1TENTH_FIRMWARE.elf 
arm-none-eabi-objdump -h -S STM32G431KB_F1TENTH_FIRMWARE.elf  > "STM32G431KB_F1TENTH_FIRMWARE.list"
   text	   data	    bss	    dec	    hex	filename
  20908	     72	   2400	  23380	   5b54	STM32G431KB_F1TENTH_FIRMWARE.elf
Finished building: default.size.stdout
 
Finished building: STM32G431KB_F1TENTH_FIRMWARE.list
 
14:07:38 **** Incremental Build of configuration Debug for project STM32G431KB_F1TENTH_FIRMWARE ****
make -j16 all 
arm-none-eabi-gcc "../Library/src/AS5600.c" -mcpu=cortex-m4 -std=gnu11 -g3 -DDEBUG -DUSE_HAL_DRIVER -DSTM32G431xx -c -I../Core/Inc -I../Drivers/STM32G4xx_HAL_Driver/Inc -I../Drivers/STM32G4xx_HAL_Driver/Inc/Legacy -I../Drivers/CMSIS/Device/ST/STM32G4xx/Include -I../Drivers/CMSIS/Include -I"C:/Users/tucha/OneDrive/Projects/Mobile Robot/F1TENTH_PROJECT/STM32G431KB_F1TENTH_FIRMWARE/Library/inc" -I"C:/Users/tucha/OneDrive/Projects/Mobile Robot/F1TENTH_PROJECT/STM32G431KB_F1TENTH_FIRMWARE/Config/inc" -O0 -ffunction-sections -fdata-sections -Wall -fstack-usage -fcyclomatic-complexity -MMD -MP -MF"Library/src/AS5600.d" -MT"Library/src/AS5600.o" --specs=nano.specs -mfpu=fpv4-sp-d16 -mfloat-abi=hard -mthumb -o "Library/src/AS5600.o"
arm-none-eabi-gcc "../Core/Src/i2c.c" -mcpu=cortex-m4 -std=gnu11 -g3 -DDEBUG -DUSE_HAL_DRIVER -DSTM32G431xx -c -I../Core/Inc -I../Drivers/STM32G4xx_HAL_Driver/Inc -I../Drivers/STM32G4xx_HAL_Driver/Inc/Legacy -I../Drivers/CMSIS/Device/ST/STM32G4xx/Include -I../Drivers/CMSIS/Include -I"C:/Users/tucha/OneDrive/Projects/Mobile Robot/F1TENTH_PROJECT/STM32G431KB_F1TENTH_FIRMWARE/Library/inc" -I"C:/Users/tucha/OneDrive/Projects/Mobile Robot/F1TENTH_PROJECT/STM32G431KB_F1TENTH_FIRMWARE/Config/inc" -O0 -ffunction-sections -fdata-sections -Wall -fstack-usage -fcyclomatic-complexity -MMD -MP -MF"Core/Src/i2c.d" -MT"Core/Src/i2c.o" --specs=nano.specs -mfpu=fpv4-sp-d16 -mfloat-abi=hard -mthumb -o "Core/Src/i2c.o"
arm-none-eabi-gcc -o "STM32G431KB_F1TENTH_FIRMWARE.elf" @"objects.list"   -mcpu=cortex-m4 -T"C:\Users\tucha\OneDrive\Projects\Mobile Robot\F1TENTH_PROJECT\STM32G431KB_F1TENTH_FIRMWARE\STM32G431KBTX_FLASH.ld" --specs=nosys.specs -Wl,-Map="STM32G431KB_F1TENTH_FIRMWARE.map" -Wl,--gc-sections -static --specs=nano.specs -mfpu=fpv4-sp-d16 -mfloat-abi=hard -mthumb -Wl,--start-group -lc -lm -Wl,--end-group
C:/ST/STM32CubeIDE_1.12.0/STM32CubeIDE/plugins/com.st.stm32cube.ide.mcu.externaltools.gnu-tools-for-stm32.12.3.rel1.win32_1.0.100.202403111256/tools/bin/../lib/gcc/arm-none-eabi/12.3.1/../../../../arm-none-eabi/bin/ld.exe: warning: STM32G431KB_F1TENTH_FIRMWARE.elf has a LOAD segment with RWX permissions
Finished building target: STM32G431KB_F1TENTH_FIRMWARE.elf
 
arm-none-eabi-size  STM32G431KB_F1TENTH_FIRMWARE.elf 
arm-none-eabi-objdump -h -S STM32G431KB_F1TENTH_FIRMWARE.elf  > "STM32G431KB_F1TENTH_FIRMWARE.list"
   text	   data	    bss	    dec	    hex	filename
  27304	     72	   2400	  29776	   7450	STM32G431KB_F1TENTH_FIRMWARE.elf
Finished building: default.size.stdout
 
Finished building: STM32G431KB_F1TENTH_FIRMWARE.list
 
14:12:00 **** Incremental Build of configuration Debug for project STM32G431KB_F1TENTH_FIRMWARE ****
make -j16 all 
arm-none-eabi-gcc "../Library/src/AS5600.c" -mcpu=cortex-m4 -std=gnu11 -g3 -DDEBUG -DUSE_HAL_DRIVER -DSTM32G431xx -c -I../Core/Inc -I../Drivers/STM32G4xx_HAL_Driver/Inc -I../Drivers/STM32G4xx_HAL_Driver/Inc/Legacy -I../Drivers/CMSIS/Device/ST/STM32G4xx/Include -I../Drivers/CMSIS/Include -I"C:/Users/tucha/OneDrive/Projects/Mobile Robot/F1TENTH_PROJECT/STM32G431KB_F1TENTH_FIRMWARE/Library/inc" -I"C:/Users/tucha/OneDrive/Projects/Mobile Robot/F1TENTH_PROJECT/STM32G431KB_F1TENTH_FIRMWARE/Config/inc" -O0 -ffunction-sections -fdata-sections -Wall -fstack-usage -fcyclomatic-complexity -MMD -MP -MF"Library/src/AS5600.d" -MT"Library/src/AS5600.o" --specs=nano.specs -mfpu=fpv4-sp-d16 -mfloat-abi=hard -mthumb -o "Library/src/AS5600.o"
arm-none-eabi-gcc -o "STM32G431KB_F1TENTH_FIRMWARE.elf" @"objects.list"   -mcpu=cortex-m4 -T"C:\Users\tucha\OneDrive\Projects\Mobile Robot\F1TENTH_PROJECT\STM32G431KB_F1TENTH_FIRMWARE\STM32G431KBTX_FLASH.ld" --specs=nosys.specs -Wl,-Map="STM32G431KB_F1TENTH_FIRMWARE.map" -Wl,--gc-sections -static --specs=nano.specs -mfpu=fpv4-sp-d16 -mfloat-abi=hard -mthumb -Wl,--start-group -lc -lm -Wl,--end-group
C:/ST/STM32CubeIDE_1.12.0/STM32CubeIDE/plugins/com.st.stm32cube.ide.mcu.externaltools.gnu-tools-for-stm32.12.3.rel1.win32_1.0.100.202403111256/tools/bin/../lib/gcc/arm-none-eabi/12.3.1/../../../../arm-none-eabi/bin/ld.exe: warning: STM32G431KB_F1TENTH_FIRMWARE.elf has a LOAD segment with RWX permissions
Finished building target: STM32G431KB_F1TENTH_FIRMWARE.elf
 
arm-none-eabi-size  STM32G431KB_F1TENTH_FIRMWARE.elf 
arm-none-eabi-objdump -h -S STM32G431KB_F1TENTH_FIRMWARE.elf  > "STM32G431KB_F1TENTH_FIRMWARE.list"
   text	   data	    bss	    dec	    hex	filename
  27308	     72	   2400	  29780	   7454	STM32G431KB_F1TENTH_FIRMWARE.elf
Finished building: default.size.stdout
 
Finished building: STM32G431KB_F1TENTH_FIRMWARE.list
 
